<?xml version="1.0" encoding="utf-8"?><testsuite errors="0" failures="0" name="pytest" skips="0" tests="3" time="1.006"><testcase classname="test_main" file="test_main.py" line="16" name="test_get_temperature_by_lat_lng[68--23,5849--46,6098-20]" time="0.009969234466552734"><system-out>20
</system-out></testcase><testcase classname="test_main" file="test_main.py" line="16" name="test_get_temperature_by_lat_lng[86--15,5849--55,5849-30]" time="0.004988431930541992"><system-out>30
</system-out></testcase><testcase classname="test_main" file="test_main.py" line="16" name="test_get_temperature_by_lat_lng[62-14.235004-51.92528-16]" time="0.003990888595581055"><system-out>16
</system-out></testcase></testsuite>